<?xml version="1.0" encoding="UTF-8"?>
<testng-results ignored="0" total="1" passed="1" failed="0" skipped="0">
  <reporter-output>
    <line>
      <![CDATA[Trying to start browser]]>
    </line>
    <line>
      <![CDATA[Application is started and running...]]>
    </line>
    <line>
      <![CDATA[Closing Application]]>
    </line>
  </reporter-output>
  <suite started-at="2022-09-01T20:22:24 IST" name="Default suite" finished-at="2022-09-01T20:22:44 IST" duration-ms="20176">
    <groups>
    </groups>
    <test started-at="2022-09-01T20:22:24 IST" name="Default test" finished-at="2022-09-01T20:22:44 IST" duration-ms="20176">
      <class name="com.hybrid.testcases.loginTestCRMHybrid">
        <test-method is-config="true" signature="setUpSuite()[pri:0, instance:com.hybrid.testcases.loginTestCRMHybrid@776aec5c]" started-at="2022-09-01T20:22:23 IST" name="setUpSuite" finished-at="2022-09-01T20:22:24 IST" duration-ms="1022" status="PASS">
          <reporter-output>
          </reporter-output>
        </test-method> <!-- setUpSuite -->
        <test-method is-config="true" signature="setup()[pri:0, instance:com.hybrid.testcases.loginTestCRMHybrid@776aec5c]" started-at="2022-09-01T20:22:24 IST" name="setup" finished-at="2022-09-01T20:22:35 IST" duration-ms="11186" status="PASS">
          <reporter-output>
            <line>
              <![CDATA[Trying to start browser]]>
            </line>
            <line>
              <![CDATA[Application is started and running...]]>
            </line>
          </reporter-output>
        </test-method> <!-- setup -->
        <test-method signature="loginApp()[pri:0, instance:com.hybrid.testcases.loginTestCRMHybrid@776aec5c]" started-at="2022-09-01T20:22:35 IST" name="loginApp" finished-at="2022-09-01T20:22:42 IST" duration-ms="7209" status="PASS">
          <reporter-output>
          </reporter-output>
        </test-method> <!-- loginApp -->
        <test-method is-config="true" signature="screenshotCap(org.testng.ITestResult)[pri:0, instance:com.hybrid.testcases.loginTestCRMHybrid@776aec5c]" started-at="2022-09-01T20:22:42 IST" name="screenshotCap" finished-at="2022-09-01T20:22:43 IST" duration-ms="1260" status="PASS">
          <params>
            <param index="0">
              <value>
                <![CDATA[[TestResult name=loginApp status=SUCCESS method=loginTestCRMHybrid.loginApp()[pri:0, instance:com.hybrid.testcases.loginTestCRMHybrid@776aec5c] output={null}]]]>
              </value>
            </param>
          </params>
          <reporter-output>
          </reporter-output>
        </test-method> <!-- screenshotCap -->
        <test-method is-config="true" signature="teardown()[pri:0, instance:com.hybrid.testcases.loginTestCRMHybrid@776aec5c]" started-at="2022-09-01T20:22:43 IST" name="teardown" finished-at="2022-09-01T20:22:44 IST" duration-ms="446" status="PASS">
          <reporter-output>
            <line>
              <![CDATA[Closing Application]]>
            </line>
          </reporter-output>
        </test-method> <!-- teardown -->
      </class> <!-- com.hybrid.testcases.loginTestCRMHybrid -->
    </test> <!-- Default test -->
  </suite> <!-- Default suite -->
</testng-results>
