<?xml version="1.0" encoding="UTF-8"?>
<testng-results ignored="0" total="1" passed="1" failed="0" skipped="0">
  <reporter-output>
    <line>
      <![CDATA[Trying to start browser]]>
    </line>
    <line>
      <![CDATA[Application is started and running...]]>
    </line>
    <line>
      <![CDATA[Closing Application]]>
    </line>
  </reporter-output>
  <suite started-at="2022-09-07T12:53:25 IST" name="Default suite" finished-at="2022-09-07T12:53:41 IST" duration-ms="15995">
    <groups>
    </groups>
    <test started-at="2022-09-07T12:53:25 IST" name="Default test" finished-at="2022-09-07T12:53:41 IST" duration-ms="15995">
      <class name="com.hybrid.testcases.loginTestCRMHybrid">
        <test-method is-config="true" signature="setUpSuite()[pri:0, instance:com.hybrid.testcases.loginTestCRMHybrid@327514f]" started-at="2022-09-07T12:53:22 IST" name="setUpSuite" finished-at="2022-09-07T12:53:25 IST" duration-ms="3425" status="PASS">
          <reporter-output>
          </reporter-output>
        </test-method> <!-- setUpSuite -->
        <test-method is-config="true" signature="setup()[pri:0, instance:com.hybrid.testcases.loginTestCRMHybrid@327514f]" started-at="2022-09-07T12:53:25 IST" name="setup" finished-at="2022-09-07T12:53:34 IST" duration-ms="8319" status="PASS">
          <reporter-output>
            <line>
              <![CDATA[Trying to start browser]]>
            </line>
            <line>
              <![CDATA[Application is started and running...]]>
            </line>
          </reporter-output>
        </test-method> <!-- setup -->
        <test-method signature="loginApp()[pri:0, instance:com.hybrid.testcases.loginTestCRMHybrid@327514f]" started-at="2022-09-07T12:53:34 IST" name="loginApp" finished-at="2022-09-07T12:53:40 IST" duration-ms="6384" status="PASS">
          <reporter-output>
          </reporter-output>
        </test-method> <!-- loginApp -->
        <test-method is-config="true" signature="screenshotCap(org.testng.ITestResult)[pri:0, instance:com.hybrid.testcases.loginTestCRMHybrid@327514f]" started-at="2022-09-07T12:53:40 IST" name="screenshotCap" finished-at="2022-09-07T12:53:41 IST" duration-ms="1115" status="PASS">
          <params>
            <param index="0">
              <value>
                <![CDATA[[TestResult name=loginApp status=SUCCESS method=loginTestCRMHybrid.loginApp()[pri:0, instance:com.hybrid.testcases.loginTestCRMHybrid@327514f] output={null}]]]>
              </value>
            </param>
          </params>
          <reporter-output>
          </reporter-output>
        </test-method> <!-- screenshotCap -->
        <test-method is-config="true" signature="teardown()[pri:0, instance:com.hybrid.testcases.loginTestCRMHybrid@327514f]" started-at="2022-09-07T12:53:41 IST" name="teardown" finished-at="2022-09-07T12:53:41 IST" duration-ms="101" status="PASS">
          <reporter-output>
            <line>
              <![CDATA[Closing Application]]>
            </line>
          </reporter-output>
        </test-method> <!-- teardown -->
      </class> <!-- com.hybrid.testcases.loginTestCRMHybrid -->
    </test> <!-- Default test -->
  </suite> <!-- Default suite -->
</testng-results>
