<?xml version="1.0" encoding="UTF-8"?>
<!-- Generated by org.testng.reporters.JUnitXMLReporter -->
<testsuite ignored="0" hostname="DESKTOP-5D6FQ8B" failures="0" tests="1" name="Test" time="0.147" errors="0" timestamp="2022-08-31T17:03:11 IST">
  <testcase classname="com.hybrid.pages.BaseClassHybrid" name="@BeforeClass setup" time="0.002">
    <failure type="java.lang.NullPointerException" message="Cannot invoke &amp;quot;com.hybrid.utilities.ConfigDataProvider.getBrowser()&amp;quot; because &amp;quot;this.con&amp;quot; is null">
      <![CDATA[java.lang.NullPointerException: Cannot invoke "com.hybrid.utilities.ConfigDataProvider.getBrowser()" because "this.con" is null
at com.hybrid.pages.BaseClassHybrid.setup(BaseClassHybrid.java:27)
at java.base/java.util.ArrayList.forEach(ArrayList.java:1511)
... Removed 23 stack frames]]>
    </failure>
  </testcase> <!-- @BeforeClass setup -->
  <testcase classname="com.hybrid.pages.BaseClassHybrid" name="@AfterClass teardown" time="0.0">
    <skipped/>
  </testcase> <!-- @AfterClass teardown -->
  <testcase classname="com.hybrid.testcases.loginTestCRMHybrid" name="loginApp" time="0.0">
    <skipped/>
  </testcase> <!-- loginApp -->
</testsuite> <!-- Test -->
